{
  "numTotalTestSuites": 5,
  "numPassedTestSuites": 5,
  "numFailedTestSuites": 0,
  "numPendingTestSuites": 0,
  "numTotalTests": 4,
  "numPassedTests": 3,
  "numFailedTests": 1,
  "numPendingTests": 0,
  "numTodoTests": 0,
  "startTime": 1660186489256,
  "success": false,
  "testResults": [
    {
      "assertionResults": [
        {
          "ancestorTitles": [
            "",
            "getRateFromId"
          ],
          "fullName": " getRateFromId returns the correct rate object for the id",
          "status": "failed",
          "title": "returns the correct rate object for the id",
          "duration": 4,
          "failureMessages": [
            "expected { id: 3, name: 'Standard SUV', …(6) } to deeply equal { name: 'Standard SUV', id: 3, …(6) }"
          ],
          "location": {
            "line": 65,
            "column": 59
          }
        },
        {
          "ancestorTitles": [
            "",
            "getRatePerKM"
          ],
          "fullName": " getRatePerKM returns the correct rate per km or per hour for the isHourly flag",
          "status": "passed",
          "title": "returns the correct rate per km or per hour for the isHourly flag",
          "duration": 0,
          "failureMessages": []
        },
        {
          "ancestorTitles": [
            "",
            "getBaseRate"
          ],
          "fullName": " getBaseRate returns the correct base rate per hour or per km for the isHourly flag",
          "status": "passed",
          "title": "returns the correct base rate per hour or per km for the isHourly flag",
          "duration": 1,
          "failureMessages": []
        },
        {
          "ancestorTitles": [
            "",
            "getSurchargeAmounts"
          ],
          "fullName": " getSurchargeAmounts returns the correct surcharge amounts for the base rate",
          "status": "passed",
          "title": "returns the correct surcharge amounts for the base rate",
          "duration": 1,
          "failureMessages": []
        }
      ],
      "startTime": 1660186586118,
      "endTime": 1660186586124,
      "status": "failed",
      "message": "",
      "name": "/Users/m1mbp/Websites/quote-pricing-form/composables/useRateCalculator.test.ts"
    }
  ]
}